<?xml version="1.0" encoding="UTF-8"?>
<testsuite xmlns:xsi="http://www.w3.org/2001/XMLSchema-instance" xsi:noNamespaceSchemaLocation="https://maven.apache.org/surefire/maven-surefire-plugin/xsd/surefire-test-report-3.0.xsd" version="3.0" name="com.ecom.Shopping_Cart.ShoppingCartApplicationTests" time="3.799" tests="1" errors="0" skipped="0" failures="0">
  <properties>
[...]
</properties>
  <testcase name="contextLoads" classname="com.ecom.Shopping_Cart.ShoppingCartApplicationTests" time="0.367">
    <system-out><![CDATA[04:12:13.279 [main] INFO org.springframework.test.context.support.AnnotationConfigContextLoaderUtils -- Could not detect default configuration classes for test class [com.ecom.Shopping_Cart.ShoppingCartApplicationTests]: ShoppingCartApplicationTests does not declare any static, non-private, non-final, nested classes annotated with @Configuration.
04:12:13.351 [main] INFO org.springframework.boot.test.context.SpringBootTestContextBootstrapper -- Found @SpringBootConfiguration com.ecom.Shopping_Cart.ShoppingCartApplication for test class com.ecom.Shopping_Cart.ShoppingCartApplicationTests
04:12:13.456 [main] INFO org.springframework.boot.devtools.restart.RestartApplicationListener -- Restart disabled due to context in which it is running

  .   ____          _            __ _ _
 /\\ / ___'_ __ _ _(_)_ __  __ _ \ \ \ \
( ( )\___ | '_ | '_| | '_ \/ _` | \ \ \ \
 \\/  ___)| |_)| | | | | || (_| |  ) ) ) )
  '  |____| .__|_| |_|_| |_\__, | / / / /
 =========|_|==============|___/=/_/_/_/

 :: Spring Boot ::                (v3.3.5)

2025-02-24T04:12:13.664+05:30  INFO 24662 --- [Shopping_Cart] [           main] c.e.S.ShoppingCartApplicationTests       : Starting ShoppingCartApplicationTests using Java 21.0.6 with PID 24662 (started by taran in /home/taran/Downloads/Shopping_Cart)
2025-02-24T04:12:13.666+05:30  INFO 24662 --- [Shopping_Cart] [           main] c.e.S.ShoppingCartApplicationTests       : No active profile set, falling back to 1 default profile: "default"
2025-02-24T04:12:14.145+05:30  INFO 24662 --- [Shopping_Cart] [           main] .s.d.r.c.RepositoryConfigurationDelegate : Bootstrapping Spring Data JPA repositories in DEFAULT mode.
2025-02-24T04:12:14.194+05:30  INFO 24662 --- [Shopping_Cart] [           main] .s.d.r.c.RepositoryConfigurationDelegate : Finished Spring Data repository scanning in 44 ms. Found 3 JPA repository interfaces.
2025-02-24T04:12:14.620+05:30  INFO 24662 --- [Shopping_Cart] [           main] o.hibernate.jpa.internal.util.LogHelper  : HHH000204: Processing PersistenceUnitInfo [name: default]
2025-02-24T04:12:14.652+05:30  INFO 24662 --- [Shopping_Cart] [           main] org.hibernate.Version                    : HHH000412: Hibernate ORM core version 6.5.3.Final
2025-02-24T04:12:14.669+05:30  INFO 24662 --- [Shopping_Cart] [           main] o.h.c.internal.RegionFactoryInitiator    : HHH000026: Second-level cache disabled
2025-02-24T04:12:14.869+05:30  INFO 24662 --- [Shopping_Cart] [           main] o.s.o.j.p.SpringPersistenceUnitInfo      : No LoadTimeWeaver setup: ignoring JPA class transformer
2025-02-24T04:12:14.889+05:30  INFO 24662 --- [Shopping_Cart] [           main] com.zaxxer.hikari.HikariDataSource       : HikariPool-1 - Starting...
2025-02-24T04:12:15.120+05:30  INFO 24662 --- [Shopping_Cart] [           main] com.zaxxer.hikari.pool.HikariPool        : HikariPool-1 - Added connection com.mysql.cj.jdbc.ConnectionImpl@51a719e7
2025-02-24T04:12:15.122+05:30  INFO 24662 --- [Shopping_Cart] [           main] com.zaxxer.hikari.HikariDataSource       : HikariPool-1 - Start completed.
2025-02-24T04:12:15.148+05:30  WARN 24662 --- [Shopping_Cart] [           main] org.hibernate.orm.deprecation            : HHH90000025: MySQL8Dialect does not need to be specified explicitly using 'hibernate.dialect' (remove the property setting and it will be selected by default)
2025-02-24T04:12:15.148+05:30  WARN 24662 --- [Shopping_Cart] [           main] org.hibernate.orm.deprecation            : HHH90000026: MySQL8Dialect has been deprecated; use org.hibernate.dialect.MySQLDialect instead
2025-02-24T04:12:15.727+05:30  INFO 24662 --- [Shopping_Cart] [           main] o.h.e.t.j.p.i.JtaPlatformInitiator       : HHH000489: No JTA platform available (set 'hibernate.transaction.jta.platform' to enable JTA platform integration)
2025-02-24T04:12:15.759+05:30  INFO 24662 --- [Shopping_Cart] [           main] j.LocalContainerEntityManagerFactoryBean : Initialized JPA EntityManagerFactory for persistence unit 'default'
2025-02-24T04:12:16.040+05:30  WARN 24662 --- [Shopping_Cart] [           main] JpaBaseConfiguration$JpaWebConfiguration : spring.jpa.open-in-view is enabled by default. Therefore, database queries may be performed during view rendering. Explicitly configure spring.jpa.open-in-view to disable this warning
2025-02-24T04:12:16.059+05:30  INFO 24662 --- [Shopping_Cart] [           main] eAuthenticationProviderManagerConfigurer : Global AuthenticationManager configured with AuthenticationProvider bean with name authenticationProvider
2025-02-24T04:12:16.060+05:30  WARN 24662 --- [Shopping_Cart] [           main] r$InitializeUserDetailsManagerConfigurer : Global AuthenticationManager configured with an AuthenticationProvider bean. UserDetailsService beans will not be used for username/password login. Consider removing the AuthenticationProvider bean. Alternatively, consider using the UserDetailsService in a manually instantiated DaoAuthenticationProvider.
2025-02-24T04:12:16.105+05:30  INFO 24662 --- [Shopping_Cart] [           main] o.s.b.a.w.s.WelcomePageHandlerMapping    : Adding welcome page template: index
2025-02-24T04:12:16.547+05:30  INFO 24662 --- [Shopping_Cart] [           main] c.e.S.ShoppingCartApplicationTests       : Started ShoppingCartApplicationTests in 3.1 seconds (process running for 3.808)
]]></system-out>
    <system-err><![CDATA[WARNING: A Java agent has been loaded dynamically (/home/taran/.m2/repository/net/bytebuddy/byte-buddy-agent/1.14.19/byte-buddy-agent-1.14.19.jar)
WARNING: If a serviceability tool is in use, please run with -XX:+EnableDynamicAgentLoading to hide this warning
WARNING: If a serviceability tool is not in use, please run with -Djdk.instrument.traceUsage for more information
WARNING: Dynamic loading of agents will be disallowed by default in a future release
]]></system-err>
  </testcase>
</testsuite>